C:\Program Files (x86)\MSBuild\Microsoft.Cpp\v4.0\V140\Microsoft.CppBuild.targets(368,5): warning MSB8004: Output Directory does not end with a trailing slash.  This build instance will add the slash as it is required to allow proper evaluation of the Output Directory.
  v_repExtCHAI3D.cpp
src\v_repExtCHAI3D.cpp(284): warning C4305: 'initializing': truncation from 'double' to 'float'
src\v_repExtCHAI3D.cpp(287): warning C4305: 'initializing': truncation from 'double' to 'float'
src\v_repExtCHAI3D.cpp(288): warning C4305: 'initializing': truncation from 'double' to 'float'
src\v_repExtCHAI3D.cpp(289): warning C4305: 'initializing': truncation from 'double' to 'float'
src\v_repExtCHAI3D.cpp(290): warning C4305: 'initializing': truncation from 'double' to 'float'
src\v_repExtCHAI3D.cpp(291): warning C4305: 'initializing': truncation from 'double' to 'float'
src\v_repExtCHAI3D.cpp(292): warning C4305: 'initializing': truncation from 'double' to 'float'
src\v_repExtCHAI3D.cpp(293): warning C4305: 'initializing': truncation from 'double' to 'float'
src\v_repExtCHAI3D.cpp(302): warning C4305: 'initializing': truncation from 'double' to 'float'
src\v_repExtCHAI3D.cpp(2507): warning C4101: 'perforation_error': unreferenced local variable
src\v_repExtCHAI3D.cpp(2509): warning C4101: 'curr_DOP': unreferenced local variable
src\v_repExtCHAI3D.cpp(2506): warning C4101: 'delta_t': unreferenced local variable
src\v_repExtCHAI3D.cpp(2508): warning C4101: 'contact_error': unreferenced local variable
src\v_repExtCHAI3D.cpp(2510): warning C4101: 'curr_layer_idx': unreferenced local variable
src\v_repExtCHAI3D.cpp(3760): warning C4804: '>': unsafe use of type 'bool' in operation
src\v_repExtCHAI3D.cpp(3790): warning C4244: '=': conversion from 'double' to 'float', possible loss of data
src\v_repExtCHAI3D.cpp(3911): warning C4305: 'return': truncation from 'double' to 'float'
src\v_repExtCHAI3D.cpp(3916): warning C4305: 'return': truncation from 'double' to 'float'
src\v_repExtCHAI3D.cpp(3920): warning C4305: 'return': truncation from 'double' to 'float'
src\v_repExtCHAI3D.cpp(3928): warning C4305: 'return': truncation from 'double' to 'float'
     Creating library C:\Program Files (x86)\V-REP3\V-REP_PRO_EDU\v_repExtCHAI3D.lib and object C:\Program Files (x86)\V-REP3\V-REP_PRO_EDU\v_repExtCHAI3D.exp
  Generating code
  Finished generating code
  CHAI3D-V-REP-VS2015.vcxproj -> C:\Program Files (x86)\V-REP3\V-REP_PRO_EDU\v_repExtCHAI3D.dll
  CHAI3D-V-REP-VS2015.vcxproj -> C:\Program Files (x86)\V-REP3\V-REP_PRO_EDU\v_repExtCHAI3D.pdb (Full PDB)
