c:\program files (x86)\v-rep3\v-rep_pro_edu\v_repextchai3d.lib
c:\program files (x86)\v-rep3\v-rep_pro_edu\v_repextchai3d.exp
d:\program files (x86)\v-rep3\v-rep_pro_edu\v_repextchai3d.lib
d:\program files (x86)\v-rep3\v-rep_pro_edu\v_repextchai3d.exp
c:\users\istin\documents\chai3d\modules\medrob2_vrep\obj\release\win32\vc140.pdb
c:\users\istin\documents\chai3d\modules\medrob2_vrep\obj\release\win32\v_repextchai3d.obj
c:\users\istin\documents\chai3d\modules\medrob2_vrep\obj\release\win32\utility.obj
c:\users\istin\documents\chai3d\modules\medrob2_vrep\obj\release\win32\tissue.obj
c:\users\istin\documents\chai3d\modules\medrob2_vrep\obj\release\win32\robot_utilities.obj
c:\users\istin\documents\chai3d\modules\medrob2_vrep\obj\release\win32\v_replib.obj
c:\users\istin\documents\chai3d\modules\medrob2_vrep\obj\release\win32\luafunctiondataitem.obj
c:\users\istin\documents\chai3d\modules\medrob2_vrep\obj\release\win32\luafunctiondata.obj
c:\users\istin\documents\chai3d\modules\medrob2_vrep\obj\release\win32\devicestate.obj
d:\chai3d-3.2.0-visualstudio\chai3d-3.2.0\modules\v-rep-needle-insertion\obj\release\win32\vc140.pdb
d:\chai3d-3.2.0-visualstudio\chai3d-3.2.0\modules\v-rep-needle-insertion\obj\release\win32\v_repextchai3d.obj
d:\chai3d-3.2.0-visualstudio\chai3d-3.2.0\modules\v-rep-needle-insertion\obj\release\win32\utility.obj
d:\chai3d-3.2.0-visualstudio\chai3d-3.2.0\modules\v-rep-needle-insertion\obj\release\win32\tissue.obj
d:\chai3d-3.2.0-visualstudio\chai3d-3.2.0\modules\v-rep-needle-insertion\obj\release\win32\robot_utilities.obj
d:\chai3d-3.2.0-visualstudio\chai3d-3.2.0\modules\v-rep-needle-insertion\obj\release\win32\v_replib.obj
d:\chai3d-3.2.0-visualstudio\chai3d-3.2.0\modules\v-rep-needle-insertion\obj\release\win32\luafunctiondataitem.obj
d:\chai3d-3.2.0-visualstudio\chai3d-3.2.0\modules\v-rep-needle-insertion\obj\release\win32\luafunctiondata.obj
d:\chai3d-3.2.0-visualstudio\chai3d-3.2.0\modules\v-rep-needle-insertion\obj\release\win32\devicestate.obj
c:\users\peter\documents\chai3d-3.2.0\modules\v-rep-needle-insertion\obj\release\win32\vc140.pdb
c:\users\peter\documents\chai3d-3.2.0\modules\v-rep-needle-insertion\obj\release\win32\v_repextchai3d.obj
c:\users\peter\documents\chai3d-3.2.0\modules\v-rep-needle-insertion\obj\release\win32\utility.obj
c:\users\peter\documents\chai3d-3.2.0\modules\v-rep-needle-insertion\obj\release\win32\tissue.obj
c:\users\peter\documents\chai3d-3.2.0\modules\v-rep-needle-insertion\obj\release\win32\robot_utilities.obj
c:\users\peter\documents\chai3d-3.2.0\modules\v-rep-needle-insertion\obj\release\win32\v_replib.obj
c:\users\peter\documents\chai3d-3.2.0\modules\v-rep-needle-insertion\obj\release\win32\luafunctiondataitem.obj
c:\users\peter\documents\chai3d-3.2.0\modules\v-rep-needle-insertion\obj\release\win32\luafunctiondata.obj
c:\users\peter\documents\chai3d-3.2.0\modules\v-rep-needle-insertion\obj\release\win32\devicestate.obj
d:\program files (x86)\v-rep3\v-rep_pro_edu\v_repextchai3d.dll
d:\program files (x86)\v-rep3\v-rep_pro_edu\v_repextchai3d.pdb
c:\program files (x86)\v-rep3\v-rep_pro_edu\v_repextchai3d.dll
c:\program files (x86)\v-rep3\v-rep_pro_edu\v_repextchai3d.pdb
c:\users\peter\documents\chai3d-3.2.0\modules\v-rep-needle-insertion\obj\release\win32\chai3d-v.33b36469.tlog\chai3d-v-rep-vs2015.write.1u.tlog
c:\users\peter\documents\chai3d-3.2.0\modules\v-rep-needle-insertion\obj\release\win32\chai3d-v.33b36469.tlog\cl.command.1.tlog
c:\users\peter\documents\chai3d-3.2.0\modules\v-rep-needle-insertion\obj\release\win32\chai3d-v.33b36469.tlog\cl.read.1.tlog
c:\users\peter\documents\chai3d-3.2.0\modules\v-rep-needle-insertion\obj\release\win32\chai3d-v.33b36469.tlog\cl.write.1.tlog
c:\users\peter\documents\chai3d-3.2.0\modules\v-rep-needle-insertion\obj\release\win32\chai3d-v.33b36469.tlog\link.command.1.tlog
c:\users\peter\documents\chai3d-3.2.0\modules\v-rep-needle-insertion\obj\release\win32\chai3d-v.33b36469.tlog\link.read.1.tlog
c:\users\peter\documents\chai3d-3.2.0\modules\v-rep-needle-insertion\obj\release\win32\chai3d-v.33b36469.tlog\link.write.1.tlog
